<?xml version="1.0" encoding="UTF-8"?>
<!-- Generated by org.testng.reporters.JUnitXMLReporter -->
<testsuite ignored="0" hostname="suba-pc" failures="1" tests="3" name="Test2" time="21.026" errors="0" timestamp="2023-03-30T12:10:02 EDT">
  <testcase classname="tests.LoginTest" name="loginMethod" time="0.004">
    <failure type="java.lang.NullPointerException">
      <![CDATA[java.lang.NullPointerException
at org.openqa.selenium.support.pagefactory.DefaultElementLocator.findElement(DefaultElementLocator.java:70)
at org.openqa.selenium.support.pagefactory.internal.LocatingElementHandler.invoke(LocatingElementHandler.java:39)
at com.sun.proxy.$Proxy15.click(Unknown Source)
at tests.LoginTest.loginMethod(LoginTest.java:38)
at java.base/java.util.ArrayList.forEach(ArrayList.java:1541)
at java.base/java.util.concurrent.FutureTask.run(FutureTask.java:264)
at java.base/java.util.concurrent.ThreadPoolExecutor.runWorker(ThreadPoolExecutor.java:1128)
at java.base/java.util.concurrent.ThreadPoolExecutor$Worker.run(ThreadPoolExecutor.java:628)
at java.base/java.lang.Thread.run(Thread.java:834)
... Removed 17 stack frames]]>
    </failure>
  </testcase> <!-- loginMethod -->
  <testcase classname="tests.LoginTest" name="loginMethod" time="0.001">
    <skipped/>
  </testcase> <!-- loginMethod -->
  <testcase classname="tests.ProductThumb" name="addtocart" time="0.001">
    <skipped/>
  </testcase> <!-- addtocart -->
</testsuite> <!-- Test2 -->
