<?xml version="1.0" encoding="UTF-8"?>
<testng-results ignored="0" total="2" passed="2" failed="0" skipped="0">
  <reporter-output>
  </reporter-output>
  <suite started-at="2023-03-30T12:28:38 EDT" name="Suite" finished-at="2023-03-30T12:29:17 EDT" duration-ms="38356">
    <groups>
    </groups>
    <test started-at="2023-03-30T12:28:38 EDT" name="Test1" finished-at="2023-03-30T12:29:17 EDT" duration-ms="38356">
      <class name="tests.LoginTest">
        <test-method is-config="true" signature="launchBrowser()[pri:0, instance:tests.LoginTest@77128536]" started-at="2023-03-30T12:28:39 EDT" name="launchBrowser" finished-at="2023-03-30T12:28:48 EDT" duration-ms="9196" status="PASS">
          <reporter-output>
          </reporter-output>
        </test-method> <!-- launchBrowser -->
        <test-method signature="loginMethod(java.lang.String,java.lang.String,java.lang.String)[pri:0, instance:tests.LoginTest@77128536]" started-at="2023-03-30T12:28:48 EDT" name="loginMethod" data-provider="getLoginData" finished-at="2023-03-30T12:28:54 EDT" duration-ms="5861" status="PASS">
          <params>
            <param index="0">
              <value>
                <![CDATA[suba@gmail.com]]>
              </value>
            </param>
            <param index="1">
              <value>
                <![CDATA[Sun!@]]>
              </value>
            </param>
            <param index="2">
              <value>
                <![CDATA[success]]>
              </value>
            </param>
          </params>
          <reporter-output>
          </reporter-output>
        </test-method> <!-- loginMethod -->
        <test-method is-config="true" signature="close()[pri:0, instance:tests.LoginTest@77128536]" started-at="2023-03-30T12:28:54 EDT" name="close" finished-at="2023-03-30T12:28:55 EDT" duration-ms="780" status="PASS">
          <reporter-output>
          </reporter-output>
        </test-method> <!-- close -->
        <test-method is-config="true" signature="launchBrowser()[pri:0, instance:tests.LoginTest@77128536]" started-at="2023-03-30T12:28:55 EDT" name="launchBrowser" finished-at="2023-03-30T12:29:02 EDT" duration-ms="6920" status="PASS">
          <reporter-output>
          </reporter-output>
        </test-method> <!-- launchBrowser -->
        <test-method signature="loginMethod(java.lang.String,java.lang.String,java.lang.String)[pri:0, instance:tests.LoginTest@77128536]" started-at="2023-03-30T12:29:02 EDT" name="loginMethod" data-provider="getLoginData" finished-at="2023-03-30T12:29:16 EDT" duration-ms="14344" status="PASS">
          <params>
            <param index="0">
              <value>
                <![CDATA[test@gmail.com]]>
              </value>
            </param>
            <param index="1">
              <value>
                <![CDATA[sdfsdfsd]]>
              </value>
            </param>
            <param index="2">
              <value>
                <![CDATA[failure]]>
              </value>
            </param>
          </params>
          <reporter-output>
          </reporter-output>
        </test-method> <!-- loginMethod -->
        <test-method is-config="true" signature="close()[pri:0, instance:tests.LoginTest@77128536]" started-at="2023-03-30T12:29:16 EDT" name="close" finished-at="2023-03-30T12:29:17 EDT" duration-ms="462" status="PASS">
          <reporter-output>
          </reporter-output>
        </test-method> <!-- close -->
      </class> <!-- tests.LoginTest -->
    </test> <!-- Test1 -->
  </suite> <!-- Suite -->
</testng-results>
